<?xml version="1.0" encoding="UTF-8"?>
<testng-results ignored="0" total="1" passed="1" failed="0" skipped="0">
  <reporter-output>
  </reporter-output>
  <suite started-at="2024-07-06T22:52:32 IST" name="Test Suite" finished-at="2024-07-06T22:52:46 IST" duration-ms="14050">
    <groups>
    </groups>
    <test started-at="2024-07-06T22:52:32 IST" name="LoginTest" finished-at="2024-07-06T22:52:46 IST" duration-ms="14050">
      <class name="mvn_pages.TC_LoginTest_001">
        <test-method is-config="true" signature="setup()[pri:0, instance:mvn_pages.TC_LoginTest_001@79b06cab]" started-at="2024-07-06T22:52:32 IST" name="setup" finished-at="2024-07-06T22:52:34 IST" duration-ms="1666" status="PASS">
          <reporter-output>
          </reporter-output>
        </test-method> <!-- setup -->
        <test-method signature="LoginTest()[pri:0, instance:mvn_pages.TC_LoginTest_001@79b06cab]" started-at="2024-07-06T22:52:34 IST" name="LoginTest" finished-at="2024-07-06T22:52:46 IST" duration-ms="12062" status="PASS">
          <reporter-output>
          </reporter-output>
        </test-method> <!-- LoginTest -->
        <test-method is-config="true" signature="teardown()[pri:0, instance:mvn_pages.TC_LoginTest_001@79b06cab]" started-at="2024-07-06T22:52:46 IST" name="teardown" finished-at="2024-07-06T22:52:46 IST" duration-ms="277" status="PASS">
          <reporter-output>
          </reporter-output>
        </test-method> <!-- teardown -->
      </class> <!-- mvn_pages.TC_LoginTest_001 -->
    </test> <!-- LoginTest -->
  </suite> <!-- Test Suite -->
</testng-results>
