<?xml version="1.0" encoding="UTF-8"?>
<testng-results ignored="0" total="1" passed="1" failed="0" skipped="0">
  <reporter-output>
  </reporter-output>
  <suite started-at="2024-07-06T22:27:14 IST" name="Test Suite" finished-at="2024-07-06T22:27:36 IST" duration-ms="21889">
    <groups>
    </groups>
    <test started-at="2024-07-06T22:27:14 IST" name="LoginTest" finished-at="2024-07-06T22:27:36 IST" duration-ms="21889">
      <class name="mvn_pages.TC_LoginTest_001">
        <test-method is-config="true" signature="setup()[pri:0, instance:mvn_pages.TC_LoginTest_001@2034b64c]" started-at="2024-07-06T22:27:14 IST" name="setup" finished-at="2024-07-06T22:27:20 IST" duration-ms="5905" status="PASS">
          <reporter-output>
          </reporter-output>
        </test-method> <!-- setup -->
        <test-method signature="LoginTest()[pri:0, instance:mvn_pages.TC_LoginTest_001@2034b64c]" started-at="2024-07-06T22:27:20 IST" name="LoginTest" finished-at="2024-07-06T22:27:35 IST" duration-ms="15590" status="PASS">
          <reporter-output>
          </reporter-output>
        </test-method> <!-- LoginTest -->
        <test-method is-config="true" signature="teardown()[pri:0, instance:mvn_pages.TC_LoginTest_001@2034b64c]" started-at="2024-07-06T22:27:35 IST" name="teardown" finished-at="2024-07-06T22:27:36 IST" duration-ms="338" status="PASS">
          <reporter-output>
          </reporter-output>
        </test-method> <!-- teardown -->
      </class> <!-- mvn_pages.TC_LoginTest_001 -->
    </test> <!-- LoginTest -->
  </suite> <!-- Test Suite -->
</testng-results>
